<?xml version="1.0" encoding="UTF-8"?>
<!-- Generated by org.testng.reporters.JUnitXMLReporter -->
<testsuite ignored="0" hostname="DESKTOP-QBR2O57" failures="0" tests="3" name="Default test" time="52.177" errors="0" timestamp="2025-05-17T18:54:38 IST">
  <testcase classname="Testcase.Testdata" name="data" time="6.415"/>
  <testcase classname="Testcase.Testdata" name="payment" time="30.461"/>
  <testcase classname="Testcase.Testdata" name="dropdown" time="6.84"/>
</testsuite> <!-- Default test -->
