<?xml version="1.0" encoding="UTF-8"?>
<testng-results ignored="0" total="3" passed="3" failed="0" skipped="0">
  <reporter-output>
  </reporter-output>
  <suite started-at="2025-05-17T18:53:46 IST" name="Default suite" finished-at="2025-05-17T18:54:38 IST" duration-ms="52177">
    <groups>
    </groups>
    <test started-at="2025-05-17T18:53:46 IST" name="Default test" finished-at="2025-05-17T18:54:38 IST" duration-ms="52177">
      <class name="Testcase.Testdata">
        <test-method is-config="true" signature="setup()[pri:0, instance:Testcase.Testdata@5b94b04d]" started-at="2025-05-17T18:53:47 IST" name="setup" finished-at="2025-05-17T18:53:54 IST" duration-ms="7354" status="PASS">
          <reporter-output>
          </reporter-output>
        </test-method> <!-- setup -->
        <test-method signature="data()[pri:1, instance:Testcase.Testdata@5b94b04d]" started-at="2025-05-17T18:53:54 IST" name="data" finished-at="2025-05-17T18:54:01 IST" duration-ms="6415" status="PASS">
          <reporter-output>
          </reporter-output>
        </test-method> <!-- data -->
        <test-method signature="payment()[pri:2, instance:Testcase.Testdata@5b94b04d]" started-at="2025-05-17T18:54:01 IST" name="payment" finished-at="2025-05-17T18:54:31 IST" duration-ms="30461" status="PASS">
          <reporter-output>
          </reporter-output>
        </test-method> <!-- payment -->
        <test-method signature="dropdown()[pri:3, instance:Testcase.Testdata@5b94b04d]" started-at="2025-05-17T18:54:31 IST" name="dropdown" finished-at="2025-05-17T18:54:38 IST" duration-ms="6840" status="PASS">
          <reporter-output>
          </reporter-output>
        </test-method> <!-- dropdown -->
        <test-method is-config="true" signature="tearDown()[pri:0, instance:Testcase.Testdata@5b94b04d]" started-at="2025-05-17T18:54:38 IST" name="tearDown" finished-at="2025-05-17T18:54:38 IST" duration-ms="270" status="PASS">
          <reporter-output>
          </reporter-output>
        </test-method> <!-- tearDown -->
      </class> <!-- Testcase.Testdata -->
    </test> <!-- Default test -->
  </suite> <!-- Default suite -->
</testng-results>
